<?xml version="1.0" encoding="UTF-8"?>
<!-- Generated by org.testng.reporters.JUnitReportReporter -->
<testsuite hostname="LAPTOP-CEI7N6AV" failures="0" tests="6" name="com.adidas.test.automation.runner" time="19.178" errors="0" timestamp="2022-01-21T01:27:08 CET" skipped="0">
  <testcase classname="com.adidas.test.automation.runner" name="runScenario" time="0.615"/>
  <system-out/>
  <testcase classname="com.adidas.test.automation.runner" name="runScenario" time="12.369"/>
  <system-out/>
  <testcase classname="com.adidas.test.automation.runner" name="runScenario" time="4.261"/>
  <system-out/>
  <testcase classname="com.adidas.test.automation.runner" name="runScenario" time="0.698"/>
  <system-out/>
  <testcase classname="com.adidas.test.automation.runner" name="runScenario" time="0.612"/>
  <system-out/>
  <testcase classname="com.adidas.test.automation.runner" name="runScenario" time="0.623"/>
  <system-out/>
</testsuite> <!-- com.adidas.test.automation.runner -->
