<?xml version="1.0" encoding="UTF-8"?>
<!-- Generated by org.testng.reporters.JUnitReportReporter -->
<testsuite hostname="LAPTOP-CEI7N6AV" failures="0" tests="3" name="com.NTT.test.automation.runner" time="7.665" errors="0" timestamp="2022-03-21T04:08:37 CET" skipped="0">
  <testcase classname="com.NTT.test.automation.runner" name="runScenario" time="4.659"/>
  <system-out/>
  <testcase classname="com.NTT.test.automation.runner" name="runScenario" time="2.295"/>
  <system-out/>
  <testcase classname="com.NTT.test.automation.runner" name="runScenario" time="0.711"/>
  <system-out/>
</testsuite> <!-- com.NTT.test.automation.runner -->
